#
# A fatal error has been detected by the Java Runtime Environment:
#
#  SIGSEGV (0xb) at pc=0x00007fc3b4ec1e33, pid=14205, tid=140478757259008
#
# JRE version: OpenJDK Runtime Environment (7.0_79-b14) (build 1.7.0_79-b14)
# Java VM: OpenJDK 64-Bit Server VM (24.79-b02 mixed mode linux-amd64 compressed oops)
# Derivative: IcedTea 2.5.6
# Distribution: Ubuntu 14.04 LTS, package 7u79-2.5.6-0ubuntu1.14.04.1
# Problematic frame:
# C  [libfreeling_javaAPI.so+0x96e33]  freeling::basic_nonconst_tree_iterator<freeling::node>::operator->() const+0xf
#
# Failed to write core dump. Core dumps have been disabled. To enable core dumping, try "ulimit -c unlimited" before starting Java again
#
# If you would like to submit a bug report, please include
# instructions on how to reproduce the bug and visit:
#   http://icedtea.classpath.org/bugzilla
# The crash happened outside the Java Virtual Machine in native code.
# See problematic frame for where to report the bug.
#

---------------  T H R E A D  ---------------

Current thread (0x00007fc3bc00a000):  JavaThread "main" [_thread_in_native, id=14209, stack(0x00007fc3c25cc000,0x00007fc3c26cd000)]

siginfo:si_signo=SIGSEGV: si_errno=0, si_code=1 (SEGV_MAPERR), si_addr=0x0000000000000000

Registers:
RAX=0x0000000000000000, RBX=0x000000077a8e2948, RCX=0x00007fc3c26cb7a0, RDX=0x00007fc37ac90560
RSP=0x00007fc3c26cb690, RBP=0x00007fc3c26cb690, RSI=0x00007fc3c26cb790, RDI=0x00007fc37ac90560
R8 =0x00007fc3bc0963d0, R9 =0x00007fc3bc1cceba, R10=0x00007fc3c26cb460, R11=0x00007fc3b4ec1e24
R12=0x0000000000000000, R13=0x000000077a8e2948, R14=0x00007fc3c26cb7b0, R15=0x00007fc3bc00a000
RIP=0x00007fc3b4ec1e33, EFLAGS=0x0000000000010202, CSGSFS=0x0000000000000033, ERR=0x0000000000000004
  TRAPNO=0x000000000000000e

Top of Stack: (sp=0x00007fc3c26cb690)
0x00007fc3c26cb690:   00007fc3c26cb710 00007fc3b4e9f1d2
0x00007fc3c26cb6a0:   00007fc3c26cb7a0 00007fc37ac90560
0x00007fc3c26cb6b0:   00007fc3c26cb790 00007fc3bc00a1d8
0x00007fc3c26cb6c0:   00000000000000b6 00007fc3bc00a000
0x00007fc3c26cb6d0:   00007fc3c0ab73f8 00000000000000b6
0x00007fc3c26cb6e0:   000000077a8e2948 0000000000000000
0x00007fc3c26cb6f0:   00007fc37ac90560 00007fc3c26cb7b0
0x00007fc3c26cb700:   00007fc3c26cb780 000000077a8e2948
0x00007fc3c26cb710:   00007fc3c26cb780 00007fc3b818ed98
0x00007fc3c26cb720:   00007fc3bc00acb8 00007fc3bc00acb8
0x00007fc3c26cb730:   00007fc3fffffffe 0000000000000000
0x00007fc3c26cb740:   00007fc3c26cb740 000000077a8e2948
0x00007fc3c26cb750:   00007fc3c26cb7b0 000000077a8fc580
0x00007fc3c26cb760:   0000000000000000 000000077a8e2948
0x00007fc3c26cb770:   0000000000000000 00007fc3c26cb7a0
0x00007fc3c26cb780:   00007fc3c26cb7f8 00007fc3b8182233
0x00007fc3c26cb790:   00000007d6f05d80 00007fc3b818acdb
0x00007fc3c26cb7a0:   00000007d700ecf8 00007fc37ac90560
0x00007fc3c26cb7b0:   00000007d700ecf8 00007fc3c26cb7b8
0x00007fc3c26cb7c0:   000000077a92b36d 00007fc3c26cb808
0x00007fc3c26cb7d0:   000000077a92e1a0 0000000000000000
0x00007fc3c26cb7e0:   000000077a92b378 00007fc3c26cb7a0
0x00007fc3c26cb7f0:   00007fc3c26cb808 00007fc3c26cb860
0x00007fc3c26cb800:   00007fc3b8182233 00000007d700ecf8
0x00007fc3c26cb810:   00000007d6fea3f0 00000007d6e9bd90
0x00007fc3c26cb820:   00007fc3c26cb820 000000077a8aab74
0x00007fc3c26cb830:   00007fc3c26cb8c0 000000077a8ad768
0x00007fc3c26cb840:   0000000000000000 000000077a8aadc0
0x00007fc3c26cb850:   00007fc3c26cb808 00007fc3c26cb8b8
0x00007fc3c26cb860:   00007fc3c26cb908 00007fc3b8182058
0x00007fc3c26cb870:   0000000000000000 0000000000000000
0x00007fc3c26cb880:   0000000000000000 0000000000000000 

Instructions: (pc=0x00007fc3b4ec1e33)
0x00007fc3b4ec1e13:   e5 48 89 7d f8 48 8b 45 f8 48 8b 00 48 8b 00 5d
0x00007fc3b4ec1e23:   c3 55 48 89 e5 48 89 7d f8 48 8b 45 f8 48 8b 00
0x00007fc3b4ec1e33:   48 8b 00 5d c3 55 48 89 e5 48 83 ec 10 48 89 7d
0x00007fc3b4ec1e43:   f8 48 89 75 f0 48 8b 45 f0 48 8b 10 48 8b 45 f8 

Register to memory mapping:

RAX=0x0000000000000000 is an unknown value
RBX=0x000000077a8e2948 is an oop
{method} 
 - klass: {other class}
RCX=0x00007fc3c26cb7a0 is pointing into the stack for thread: 0x00007fc3bc00a000
RDX=0x00007fc37ac90560 is an unknown value
RSP=0x00007fc3c26cb690 is pointing into the stack for thread: 0x00007fc3bc00a000
RBP=0x00007fc3c26cb690 is pointing into the stack for thread: 0x00007fc3bc00a000
RSI=0x00007fc3c26cb790 is pointing into the stack for thread: 0x00007fc3bc00a000
RDI=0x00007fc37ac90560 is an unknown value
R8 =0x00007fc3bc0963d0 is an unknown value
R9 =0x00007fc3bc1cceba is an unknown value
R10=0x00007fc3c26cb460 is pointing into the stack for thread: 0x00007fc3bc00a000
R11=0x00007fc3b4ec1e24: _ZNK8freeling28basic_nonconst_tree_iteratorINS_4nodeEEptEv+0 in /home/gorro/Escritorio/tesis/myfreeling/APIs/java/libfreeling_javaAPI.so at 0x00007fc3b4e2b000
R12=0x0000000000000000 is an unknown value
R13=0x000000077a8e2948 is an oop
{method} 
 - klass: {other class}
R14=0x00007fc3c26cb7b0 is pointing into the stack for thread: 0x00007fc3bc00a000
R15=0x00007fc3bc00a000 is a thread


Stack: [0x00007fc3c25cc000,0x00007fc3c26cd000],  sp=0x00007fc3c26cb690,  free space=1021k
Native frames: (J=compiled Java code, j=interpreted, Vv=VM code, C=native code)
C  [libfreeling_javaAPI.so+0x96e33]  freeling::basic_nonconst_tree_iterator<freeling::node>::operator->() const+0xf
C  [libfreeling_javaAPI.so+0x741d2]  Java_edu_upc_freeling_freelingJNI_BasicNonconstIteratorNode_1getLabel+0x4c
j  edu.upc.freeling.freelingJNI.BasicNonconstIteratorNode_getLabel(JLedu/upc/freeling/BasicNonconstIteratorNode;)Ljava/lang/String;+0
j  edu.upc.freeling.BasicNonconstIteratorNode.getLabel()Ljava/lang/String;+5
j  Analyze.printDepTree(ILedu/upc/freeling/DepTree;)V+44
j  Analyze.printResults(Ledu/upc/freeling/ListSentence;Ljava/lang/String;)V+38
j  Analyze.main([Ljava/lang/String;)V+269
v  ~StubRoutines::call_stub
V  [libjvm.so+0x5e80c9]  JavaCalls::call_helper(JavaValue*, methodHandle*, JavaCallArguments*, Thread*)+0x339
V  [libjvm.so+0x5e7b68]  JavaCalls::call(JavaValue*, methodHandle, JavaCallArguments*, Thread*)+0x28
V  [libjvm.so+0x5f6c9b]  jni_invoke_static(JNIEnv_*, JavaValue*, _jobject*, JNICallType, _jmethodID*, JNI_ArgumentPusher*, Thread*) [clone .isra.124] [clone .constprop.156]+0x28b
V  [libjvm.so+0x607f08]  jni_CallStaticVoidMethod+0x118
C  [libjli.so+0x31f9]

Java frames: (J=compiled Java code, j=interpreted, Vv=VM code)
j  edu.upc.freeling.freelingJNI.BasicNonconstIteratorNode_getLabel(JLedu/upc/freeling/BasicNonconstIteratorNode;)Ljava/lang/String;+0
j  edu.upc.freeling.BasicNonconstIteratorNode.getLabel()Ljava/lang/String;+5
j  Analyze.printDepTree(ILedu/upc/freeling/DepTree;)V+44
j  Analyze.printResults(Ledu/upc/freeling/ListSentence;Ljava/lang/String;)V+38
j  Analyze.main([Ljava/lang/String;)V+269
v  ~StubRoutines::call_stub

---------------  P R O C E S S  ---------------

Java Threads: ( => current thread )
  0x00007fc3bc0ae800 JavaThread "Service Thread" daemon [_thread_blocked, id=14220, stack(0x00007fc3b51fb000,0x00007fc3b52fc000)]
  0x00007fc3bc0ac000 JavaThread "C2 CompilerThread1" daemon [_thread_blocked, id=14219, stack(0x00007fc3b52fc000,0x00007fc3b53fd000)]
  0x00007fc3bc0a9000 JavaThread "C2 CompilerThread0" daemon [_thread_blocked, id=14218, stack(0x00007fc3b53fd000,0x00007fc3b54fe000)]
  0x00007fc3bc0a7000 JavaThread "Signal Dispatcher" daemon [_thread_blocked, id=14217, stack(0x00007fc3b54fe000,0x00007fc3b55ff000)]
  0x00007fc3bc07c000 JavaThread "Finalizer" daemon [_thread_blocked, id=14216, stack(0x00007fc3b5ce1000,0x00007fc3b5de2000)]
  0x00007fc3bc07a000 JavaThread "Reference Handler" daemon [_thread_blocked, id=14215, stack(0x00007fc3b5de2000,0x00007fc3b5ee3000)]
=>0x00007fc3bc00a000 JavaThread "main" [_thread_in_native, id=14209, stack(0x00007fc3c25cc000,0x00007fc3c26cd000)]

Other Threads:
  0x00007fc3bc075800 VMThread [stack: 0x00007fc3b5ee3000,0x00007fc3b5fe4000] [id=14214]
  0x00007fc3bc0b9000 WatcherThread [stack: 0x00007fc3b50fa000,0x00007fc3b51fb000] [id=14221]

VM state:not at safepoint (normal execution)

VM Mutex/Monitor currently owned by a thread: None

Heap
 PSYoungGen      total 37376K, used 1935K [0x00000007d6e80000, 0x00000007d9800000, 0x0000000800000000)
  eden space 32256K, 6% used [0x00000007d6e80000,0x00000007d7063e98,0x00000007d8e00000)
  from space 5120K, 0% used [0x00000007d9300000,0x00000007d9300000,0x00000007d9800000)
  to   space 5120K, 0% used [0x00000007d8e00000,0x00000007d8e00000,0x00000007d9300000)
 ParOldGen       total 83968K, used 0K [0x0000000784c00000, 0x0000000789e00000, 0x00000007d6e80000)
  object space 83968K, 0% used [0x0000000784c00000,0x0000000784c00000,0x0000000789e00000)
 PSPermGen       total 21504K, used 3258K [0x000000077a600000, 0x000000077bb00000, 0x0000000784c00000)
  object space 21504K, 15% used [0x000000077a600000,0x000000077a92eaa0,0x000000077bb00000)

Card table byte_map: [0x00007fc3b7d4e000,0x00007fc3b817c000] byte_map_base: 0x00007fc3b417b000

Polling page: 0x00007fc3c26e9000

Code Cache  [0x00007fc3b817c000, 0x00007fc3b83ec000, 0x00007fc3bb17c000)
 total_blobs=217 nmethods=2 adapters=169 free_code_cache=48749Kb largest_free_block=49897728

Compilation events (2 events):
Event: 8.093 Thread 0x00007fc3bc0a9000    1             sun.nio.cs.UTF_8$Encoder::encode (361 bytes)
Event: 8.094 Thread 0x00007fc3bc0ac000    2             java.lang.String::indexOf (70 bytes)

GC Heap History (0 events):
No events

Deoptimization events (0 events):
No events

Internal exceptions (10 events):
Event: 8.091 Thread 0x00007fc3bc00a000 Threw 0x00000007d6fe1d98 at /build/openjdk-7-FO0dNI/openjdk-7-7u79-2.5.6/build/openjdk/hotspot/src/share/vm/prims/jvm.cpp:1284
Event: 8.092 Thread 0x00007fc3bc00a000 Threw 0x00000007d6fe5088 at /build/openjdk-7-FO0dNI/openjdk-7-7u79-2.5.6/build/openjdk/hotspot/src/share/vm/prims/jvm.cpp:1284
Event: 8.093 Thread 0x00007fc3bc00a000 Threw 0x00000007d6feb2c0 at /build/openjdk-7-FO0dNI/openjdk-7-7u79-2.5.6/build/openjdk/hotspot/src/share/vm/prims/jvm.cpp:1284
Event: 8.093 Thread 0x00007fc3bc00a000 Threw 0x00000007d6fee948 at /build/openjdk-7-FO0dNI/openjdk-7-7u79-2.5.6/build/openjdk/hotspot/src/share/vm/prims/jvm.cpp:1284
Event: 8.094 Thread 0x00007fc3bc00a000 Threw 0x00000007d6ff2000 at /build/openjdk-7-FO0dNI/openjdk-7-7u79-2.5.6/build/openjdk/hotspot/src/share/vm/prims/jvm.cpp:1284
Event: 8.094 Thread 0x00007fc3bc00a000 Threw 0x00000007d6ff8a18 at /build/openjdk-7-FO0dNI/openjdk-7-7u79-2.5.6/build/openjdk/hotspot/src/share/vm/prims/jvm.cpp:1284
Event: 8.095 Thread 0x00007fc3bc00a000 Threw 0x00000007d6ffe0d0 at /build/openjdk-7-FO0dNI/openjdk-7-7u79-2.5.6/build/openjdk/hotspot/src/share/vm/prims/jvm.cpp:1284
Event: 8.096 Thread 0x00007fc3bc00a000 Threw 0x00000007d70015d0 at /build/openjdk-7-FO0dNI/openjdk-7-7u79-2.5.6/build/openjdk/hotspot/src/share/vm/prims/jvm.cpp:1284
Event: 8.096 Thread 0x00007fc3bc00a000 Threw 0x00000007d7004b48 at /build/openjdk-7-FO0dNI/openjdk-7-7u79-2.5.6/build/openjdk/hotspot/src/share/vm/prims/jvm.cpp:1284
Event: 8.097 Thread 0x00007fc3bc00a000 Threw 0x00000007d700ad50 at /build/openjdk-7-FO0dNI/openjdk-7-7u79-2.5.6/build/openjdk/hotspot/src/share/vm/prims/jvm.cpp:1284

Events (10 events):
Event: 8.095 loading class 0x00007fc3b7209200
Event: 8.095 loading class 0x00007fc3b7209200 done
Event: 8.095 loading class 0x00007fc3bc1099a0
Event: 8.095 loading class 0x00007fc3bc1099a0 done
Event: 8.096 loading class 0x00007fc3690935c0
Event: 8.096 loading class 0x00007fc3690935c0 done
Event: 8.096 loading class 0x00007fc369daf8d0
Event: 8.096 loading class 0x00007fc369daf8d0 done
Event: 8.096 loading class 0x00007fc368fd3ad0
Event: 8.096 loading class 0x00007fc368fd3ad0 done


Dynamic libraries:
00400000-00401000 r-xp 00000000 08:09 272247                             /usr/lib/jvm/java-7-openjdk-amd64/jre/bin/java
00600000-00601000 r--p 00000000 08:09 272247                             /usr/lib/jvm/java-7-openjdk-amd64/jre/bin/java
00601000-00602000 rw-p 00001000 08:09 272247                             /usr/lib/jvm/java-7-openjdk-amd64/jre/bin/java
00a74000-00a95000 rw-p 00000000 00:00 0                                  [heap]
77a600000-77bb00000 rw-p 00000000 00:00 0 
77bb00000-784c00000 rw-p 00000000 00:00 0 
784c00000-789e00000 rw-p 00000000 00:00 0 
789e00000-7d6e80000 rw-p 00000000 00:00 0 
7d6e80000-7d9800000 rw-p 00000000 00:00 0 
7d9800000-800000000 rw-p 00000000 00:00 0 
7fc364000000-7fc369dbb000 rw-p 00000000 00:00 0 
7fc369dbb000-7fc36c000000 ---p 00000000 00:00 0 
7fc36c000000-7fc374000000 rw-p 00000000 00:00 0 
7fc374000000-7fc374021000 rw-p 00000000 00:00 0 
7fc374021000-7fc378000000 ---p 00000000 00:00 0 
7fc378000000-7fc37c000000 rw-p 00000000 00:00 0 
7fc37c000000-7fc37c04a000 rw-p 00000000 00:00 0 
7fc37c04a000-7fc380000000 ---p 00000000 00:00 0 
7fc380000000-7fc380021000 rw-p 00000000 00:00 0 
7fc380021000-7fc384000000 ---p 00000000 00:00 0 
7fc384000000-7fc384021000 rw-p 00000000 00:00 0 
7fc384021000-7fc388000000 ---p 00000000 00:00 0 
7fc388000000-7fc38809f000 rw-p 00000000 00:00 0 
7fc38809f000-7fc38c000000 ---p 00000000 00:00 0 
7fc38c000000-7fc38c021000 rw-p 00000000 00:00 0 
7fc38c021000-7fc390000000 ---p 00000000 00:00 0 
7fc390000000-7fc390021000 rw-p 00000000 00:00 0 
7fc390021000-7fc394000000 ---p 00000000 00:00 0 
7fc394000000-7fc394021000 rw-p 00000000 00:00 0 
7fc394021000-7fc398000000 ---p 00000000 00:00 0 
7fc39b527000-7fc3a0000000 rw-p 00000000 00:00 0 
7fc3a0000000-7fc3a0021000 rw-p 00000000 00:00 0 
7fc3a0021000-7fc3a4000000 ---p 00000000 00:00 0 
7fc3a4000000-7fc3a4021000 rw-p 00000000 00:00 0 
7fc3a4021000-7fc3a8000000 ---p 00000000 00:00 0 
7fc3a8000000-7fc3a8021000 rw-p 00000000 00:00 0 
7fc3a8021000-7fc3ac000000 ---p 00000000 00:00 0 
7fc3ac515000-7fc3ac676000 rw-p 00000000 00:00 0 
7fc3ac676000-7fc3adce2000 r-xp 00000000 08:09 266542                     /usr/lib/x86_64-linux-gnu/libicudata.so.52.1
7fc3adce2000-7fc3adee1000 ---p 0166c000 08:09 266542                     /usr/lib/x86_64-linux-gnu/libicudata.so.52.1
7fc3adee1000-7fc3adee2000 r--p 0166b000 08:09 266542                     /usr/lib/x86_64-linux-gnu/libicudata.so.52.1
7fc3adee2000-7fc3adee3000 rw-p 0166c000 08:09 266542                     /usr/lib/x86_64-linux-gnu/libicudata.so.52.1
7fc3adee3000-7fc3ae0db000 r-xp 00000000 08:09 264370                     /usr/lib/x86_64-linux-gnu/libicui18n.so.52.1
7fc3ae0db000-7fc3ae2db000 ---p 001f8000 08:09 264370                     /usr/lib/x86_64-linux-gnu/libicui18n.so.52.1
7fc3ae2db000-7fc3ae2e8000 r--p 001f8000 08:09 264370                     /usr/lib/x86_64-linux-gnu/libicui18n.so.52.1
7fc3ae2e8000-7fc3ae2e9000 rw-p 00205000 08:09 264370                     /usr/lib/x86_64-linux-gnu/libicui18n.so.52.1
7fc3ae2e9000-7fc3ae2ea000 rw-p 00000000 00:00 0 
7fc3ae2ea000-7fc3ae5de000 r-xp 00000000 08:09 268890                     /usr/local/lib/libfreeling-4.0-devel.so
7fc3ae5de000-7fc3ae7dd000 ---p 002f4000 08:09 268890                     /usr/local/lib/libfreeling-4.0-devel.so
7fc3ae7dd000-7fc3ae7e3000 r--p 002f3000 08:09 268890                     /usr/local/lib/libfreeling-4.0-devel.so
7fc3ae7e3000-7fc3ae7e8000 rw-p 002f9000 08:09 268890                     /usr/local/lib/libfreeling-4.0-devel.so
7fc3ae7e8000-7fc3b0000000 rw-p 00000000 00:00 0 
7fc3b0000000-7fc3b0021000 rw-p 00000000 00:00 0 
7fc3b0021000-7fc3b4000000 ---p 00000000 00:00 0 
7fc3b4022000-7fc3b433f000 rw-p 00000000 00:00 0 
7fc3b433f000-7fc3b44a3000 r-xp 00000000 08:09 264371                     /usr/lib/x86_64-linux-gnu/libicuuc.so.52.1
7fc3b44a3000-7fc3b46a2000 ---p 00164000 08:09 264371                     /usr/lib/x86_64-linux-gnu/libicuuc.so.52.1
7fc3b46a2000-7fc3b46b3000 r--p 00163000 08:09 264371                     /usr/lib/x86_64-linux-gnu/libicuuc.so.52.1
7fc3b46b3000-7fc3b46b4000 rw-p 00174000 08:09 264371                     /usr/lib/x86_64-linux-gnu/libicuuc.so.52.1
7fc3b46b4000-7fc3b46b8000 rw-p 00000000 00:00 0 
7fc3b46b8000-7fc3b4707000 r-xp 00000000 08:09 268751                     /usr/local/lib/libtreeler-0.4.so
7fc3b4707000-7fc3b4906000 ---p 0004f000 08:09 268751                     /usr/local/lib/libtreeler-0.4.so
7fc3b4906000-7fc3b4907000 r--p 0004e000 08:09 268751                     /usr/local/lib/libtreeler-0.4.so
7fc3b4907000-7fc3b4908000 rw-p 0004f000 08:09 268751                     /usr/local/lib/libtreeler-0.4.so
7fc3b4908000-7fc3b490b000 r-xp 00000000 08:09 271340                     /usr/lib/x86_64-linux-gnu/libboost_system.so.1.54.0
7fc3b490b000-7fc3b4b0a000 ---p 00003000 08:09 271340                     /usr/lib/x86_64-linux-gnu/libboost_system.so.1.54.0
7fc3b4b0a000-7fc3b4b0b000 r--p 00002000 08:09 271340                     /usr/lib/x86_64-linux-gnu/libboost_system.so.1.54.0
7fc3b4b0b000-7fc3b4b0c000 rw-p 00003000 08:09 271340                     /usr/lib/x86_64-linux-gnu/libboost_system.so.1.54.0
7fc3b4b0c000-7fc3b4c0d000 r-xp 00000000 08:09 264369                     /usr/lib/x86_64-linux-gnu/libboost_regex.so.1.54.0
7fc3b4c0d000-7fc3b4e0c000 ---p 00101000 08:09 264369                     /usr/lib/x86_64-linux-gnu/libboost_regex.so.1.54.0
7fc3b4e0c000-7fc3b4e11000 r--p 00100000 08:09 264369                     /usr/lib/x86_64-linux-gnu/libboost_regex.so.1.54.0
7fc3b4e11000-7fc3b4e12000 rw-p 00105000 08:09 264369                     /usr/lib/x86_64-linux-gnu/libboost_regex.so.1.54.0
7fc3b4e12000-7fc3b4e13000 rw-p 00000000 00:00 0 
7fc3b4e2b000-7fc3b4ef4000 r-xp 00000000 08:09 1084185                    /home/gorro/Escritorio/tesis/myfreeling/APIs/java/libfreeling_javaAPI.so
7fc3b4ef4000-7fc3b50f4000 ---p 000c9000 08:09 1084185                    /home/gorro/Escritorio/tesis/myfreeling/APIs/java/libfreeling_javaAPI.so
7fc3b50f4000-7fc3b50f5000 r--p 000c9000 08:09 1084185                    /home/gorro/Escritorio/tesis/myfreeling/APIs/java/libfreeling_javaAPI.so
7fc3b50f5000-7fc3b50f9000 rw-p 000ca000 08:09 1084185                    /home/gorro/Escritorio/tesis/myfreeling/APIs/java/libfreeling_javaAPI.so
7fc3b50f9000-7fc3b50fa000 rw-p 00000000 00:00 0 
7fc3b50fa000-7fc3b50fb000 ---p 00000000 00:00 0 
7fc3b50fb000-7fc3b51fb000 rw-p 00000000 00:00 0                          [stack:14221]
7fc3b51fb000-7fc3b51fe000 ---p 00000000 00:00 0 
7fc3b51fe000-7fc3b52fc000 rw-p 00000000 00:00 0                          [stack:14220]
7fc3b52fc000-7fc3b52ff000 ---p 00000000 00:00 0 
7fc3b52ff000-7fc3b53fd000 rw-p 00000000 00:00 0                          [stack:14219]
7fc3b53fd000-7fc3b5400000 ---p 00000000 00:00 0 
7fc3b5400000-7fc3b54fe000 rw-p 00000000 00:00 0                          [stack:14218]
7fc3b54fe000-7fc3b5501000 ---p 00000000 00:00 0 
7fc3b5501000-7fc3b55ff000 rw-p 00000000 00:00 0                          [stack:14217]
7fc3b55ff000-7fc3b5ce1000 r--p 00000000 08:09 268956                     /usr/lib/locale/locale-archive
7fc3b5ce1000-7fc3b5ce4000 ---p 00000000 00:00 0 
7fc3b5ce4000-7fc3b5de2000 rw-p 00000000 00:00 0                          [stack:14216]
7fc3b5de2000-7fc3b5de5000 ---p 00000000 00:00 0 
7fc3b5de5000-7fc3b5ee3000 rw-p 00000000 00:00 0                          [stack:14215]
7fc3b5ee3000-7fc3b5ee4000 ---p 00000000 00:00 0 
7fc3b5ee4000-7fc3b6fe1000 rw-p 00000000 00:00 0                          [stack:14214]
7fc3b6fe1000-7fc3b7192000 r--s 01d29000 08:09 271168                     /usr/lib/jvm/java-7-openjdk-amd64/jre/lib/rt.jar
7fc3b7192000-7fc3b76b8000 rw-p 00000000 00:00 0 
7fc3b76b8000-7fc3b76b9000 ---p 00000000 00:00 0 
7fc3b76b9000-7fc3b77b9000 rw-p 00000000 00:00 0                          [stack:14213]
7fc3b77b9000-7fc3b77ba000 ---p 00000000 00:00 0 
7fc3b77ba000-7fc3b78ba000 rw-p 00000000 00:00 0                          [stack:14212]
7fc3b78ba000-7fc3b78bb000 ---p 00000000 00:00 0 
7fc3b78bb000-7fc3b79bb000 rw-p 00000000 00:00 0                          [stack:14211]
7fc3b79bb000-7fc3b79bc000 ---p 00000000 00:00 0 
7fc3b79bc000-7fc3b7ae5000 rw-p 00000000 00:00 0                          [stack:14210]
7fc3b7ae5000-7fc3b7d4e000 rw-p 00000000 00:00 0 
7fc3b7d4e000-7fc3b7d59000 rw-p 00000000 00:00 0 
7fc3b7d59000-7fc3b7da1000 rw-p 00000000 00:00 0 
7fc3b7da1000-7fc3b7dca000 rw-p 00000000 00:00 0 
7fc3b7dca000-7fc3b8032000 rw-p 00000000 00:00 0 
7fc3b8032000-7fc3b8047000 rw-p 00000000 00:00 0 
7fc3b8047000-7fc3b817b000 rw-p 00000000 00:00 0 
7fc3b817b000-7fc3b817c000 rw-p 00000000 00:00 0 
7fc3b817c000-7fc3b83ec000 rwxp 00000000 00:00 0 
7fc3b83ec000-7fc3bb17c000 rw-p 00000000 00:00 0 
7fc3bb17c000-7fc3bb184000 r-xp 00000000 08:09 271199                     /usr/lib/jvm/java-7-openjdk-amd64/jre/lib/amd64/libzip.so
7fc3bb184000-7fc3bb383000 ---p 00008000 08:09 271199                     /usr/lib/jvm/java-7-openjdk-amd64/jre/lib/amd64/libzip.so
7fc3bb383000-7fc3bb384000 r--p 00007000 08:09 271199                     /usr/lib/jvm/java-7-openjdk-amd64/jre/lib/amd64/libzip.so
7fc3bb384000-7fc3bb385000 rw-p 00008000 08:09 271199                     /usr/lib/jvm/java-7-openjdk-amd64/jre/lib/amd64/libzip.so
7fc3bb385000-7fc3bb390000 r-xp 00000000 08:09 408268                     /lib/x86_64-linux-gnu/libnss_files-2.19.so
7fc3bb390000-7fc3bb58f000 ---p 0000b000 08:09 408268                     /lib/x86_64-linux-gnu/libnss_files-2.19.so
7fc3bb58f000-7fc3bb590000 r--p 0000a000 08:09 408268                     /lib/x86_64-linux-gnu/libnss_files-2.19.so
7fc3bb590000-7fc3bb591000 rw-p 0000b000 08:09 408268                     /lib/x86_64-linux-gnu/libnss_files-2.19.so
7fc3bb591000-7fc3bb59c000 r-xp 00000000 08:09 408288                     /lib/x86_64-linux-gnu/libnss_nis-2.19.so
7fc3bb59c000-7fc3bb79b000 ---p 0000b000 08:09 408288                     /lib/x86_64-linux-gnu/libnss_nis-2.19.so
7fc3bb79b000-7fc3bb79c000 r--p 0000a000 08:09 408288                     /lib/x86_64-linux-gnu/libnss_nis-2.19.so
7fc3bb79c000-7fc3bb79d000 rw-p 0000b000 08:09 408288                     /lib/x86_64-linux-gnu/libnss_nis-2.19.so
7fc3bb79d000-7fc3bb7b4000 r-xp 00000000 08:09 408277                     /lib/x86_64-linux-gnu/libnsl-2.19.so
7fc3bb7b4000-7fc3bb9b3000 ---p 00017000 08:09 408277                     /lib/x86_64-linux-gnu/libnsl-2.19.so
7fc3bb9b3000-7fc3bb9b4000 r--p 00016000 08:09 408277                     /lib/x86_64-linux-gnu/libnsl-2.19.so
7fc3bb9b4000-7fc3bb9b5000 rw-p 00017000 08:09 408277                     /lib/x86_64-linux-gnu/libnsl-2.19.so
7fc3bb9b5000-7fc3bb9b7000 rw-p 00000000 00:00 0 
7fc3bb9b7000-7fc3bb9c0000 r-xp 00000000 08:09 408276                     /lib/x86_64-linux-gnu/libnss_compat-2.19.so
7fc3bb9c0000-7fc3bbbbf000 ---p 00009000 08:09 408276                     /lib/x86_64-linux-gnu/libnss_compat-2.19.so
7fc3bbbbf000-7fc3bbbc0000 r--p 00008000 08:09 408276                     /lib/x86_64-linux-gnu/libnss_compat-2.19.so
7fc3bbbc0000-7fc3bbbc1000 rw-p 00009000 08:09 408276                     /lib/x86_64-linux-gnu/libnss_compat-2.19.so
7fc3bbbc1000-7fc3bbbec000 r-xp 00000000 08:09 271768                     /usr/lib/jvm/java-7-openjdk-amd64/jre/lib/amd64/libjava.so
7fc3bbbec000-7fc3bbdeb000 ---p 0002b000 08:09 271768                     /usr/lib/jvm/java-7-openjdk-amd64/jre/lib/amd64/libjava.so
7fc3bbdeb000-7fc3bbdec000 r--p 0002a000 08:09 271768                     /usr/lib/jvm/java-7-openjdk-amd64/jre/lib/amd64/libjava.so
7fc3bbdec000-7fc3bbdee000 rw-p 0002b000 08:09 271768                     /usr/lib/jvm/java-7-openjdk-amd64/jre/lib/amd64/libjava.so
7fc3bbdee000-7fc3bbdfe000 r-xp 00000000 08:09 271300                     /usr/lib/jvm/java-7-openjdk-amd64/jre/lib/amd64/libverify.so
7fc3bbdfe000-7fc3bbffd000 ---p 00010000 08:09 271300                     /usr/lib/jvm/java-7-openjdk-amd64/jre/lib/amd64/libverify.so
7fc3bbffd000-7fc3bbfff000 r--p 0000f000 08:09 271300                     /usr/lib/jvm/java-7-openjdk-amd64/jre/lib/amd64/libverify.so
7fc3bbfff000-7fc3bc000000 rw-p 00011000 08:09 271300                     /usr/lib/jvm/java-7-openjdk-amd64/jre/lib/amd64/libverify.so
7fc3bc000000-7fc3c0000000 rw-p 00000000 00:00 0 
7fc3c0013000-7fc3c0048000 rw-p 00000000 00:00 0 
7fc3c0048000-7fc3c0090000 rw-p 00000000 00:00 0 
7fc3c0090000-7fc3c0097000 r-xp 00000000 08:09 408285                     /lib/x86_64-linux-gnu/librt-2.19.so
7fc3c0097000-7fc3c0296000 ---p 00007000 08:09 408285                     /lib/x86_64-linux-gnu/librt-2.19.so
7fc3c0296000-7fc3c0297000 r--p 00006000 08:09 408285                     /lib/x86_64-linux-gnu/librt-2.19.so
7fc3c0297000-7fc3c0298000 rw-p 00007000 08:09 408285                     /lib/x86_64-linux-gnu/librt-2.19.so
7fc3c0298000-7fc3c02ae000 r-xp 00000000 08:09 395459                     /lib/x86_64-linux-gnu/libgcc_s.so.1
7fc3c02ae000-7fc3c04ad000 ---p 00016000 08:09 395459                     /lib/x86_64-linux-gnu/libgcc_s.so.1
7fc3c04ad000-7fc3c04ae000 rw-p 00015000 08:09 395459                     /lib/x86_64-linux-gnu/libgcc_s.so.1
7fc3c04ae000-7fc3c05b3000 r-xp 00000000 08:09 408267                     /lib/x86_64-linux-gnu/libm-2.19.so
7fc3c05b3000-7fc3c07b2000 ---p 00105000 08:09 408267                     /lib/x86_64-linux-gnu/libm-2.19.so
7fc3c07b2000-7fc3c07b3000 r--p 00104000 08:09 408267                     /lib/x86_64-linux-gnu/libm-2.19.so
7fc3c07b3000-7fc3c07b4000 rw-p 00105000 08:09 408267                     /lib/x86_64-linux-gnu/libm-2.19.so
7fc3c07b4000-7fc3c089a000 r-xp 00000000 08:09 265004                     /usr/lib/x86_64-linux-gnu/libstdc++.so.6.0.19
7fc3c089a000-7fc3c0a99000 ---p 000e6000 08:09 265004                     /usr/lib/x86_64-linux-gnu/libstdc++.so.6.0.19
7fc3c0a99000-7fc3c0aa1000 r--p 000e5000 08:09 265004                     /usr/lib/x86_64-linux-gnu/libstdc++.so.6.0.19
7fc3c0aa1000-7fc3c0aa3000 rw-p 000ed000 08:09 265004                     /usr/lib/x86_64-linux-gnu/libstdc++.so.6.0.19
7fc3c0aa3000-7fc3c0ab8000 rw-p 00000000 00:00 0 
7fc3c0ab8000-7fc3c15d1000 r-xp 00000000 08:09 271206                     /usr/lib/jvm/java-7-openjdk-amd64/jre/lib/amd64/server/libjvm.so
7fc3c15d1000-7fc3c17d1000 ---p 00b19000 08:09 271206                     /usr/lib/jvm/java-7-openjdk-amd64/jre/lib/amd64/server/libjvm.so
7fc3c17d1000-7fc3c186b000 r--p 00b19000 08:09 271206                     /usr/lib/jvm/java-7-openjdk-amd64/jre/lib/amd64/server/libjvm.so
7fc3c186b000-7fc3c188e000 rw-p 00bb3000 08:09 271206                     /usr/lib/jvm/java-7-openjdk-amd64/jre/lib/amd64/server/libjvm.so
7fc3c188e000-7fc3c18bc000 rw-p 00000000 00:00 0 
7fc3c18bc000-7fc3c18d4000 r-xp 00000000 08:09 395595                     /lib/x86_64-linux-gnu/libz.so.1.2.8
7fc3c18d4000-7fc3c1ad3000 ---p 00018000 08:09 395595                     /lib/x86_64-linux-gnu/libz.so.1.2.8
7fc3c1ad3000-7fc3c1ad4000 r--p 00017000 08:09 395595                     /lib/x86_64-linux-gnu/libz.so.1.2.8
7fc3c1ad4000-7fc3c1ad5000 rw-p 00018000 08:09 395595                     /lib/x86_64-linux-gnu/libz.so.1.2.8
7fc3c1ad5000-7fc3c1aee000 r-xp 00000000 08:09 408283                     /lib/x86_64-linux-gnu/libpthread-2.19.so
7fc3c1aee000-7fc3c1ced000 ---p 00019000 08:09 408283                     /lib/x86_64-linux-gnu/libpthread-2.19.so
7fc3c1ced000-7fc3c1cee000 r--p 00018000 08:09 408283                     /lib/x86_64-linux-gnu/libpthread-2.19.so
7fc3c1cee000-7fc3c1cef000 rw-p 00019000 08:09 408283                     /lib/x86_64-linux-gnu/libpthread-2.19.so
7fc3c1cef000-7fc3c1cf3000 rw-p 00000000 00:00 0 
7fc3c1cf3000-7fc3c1cf6000 r-xp 00000000 08:09 408271                     /lib/x86_64-linux-gnu/libdl-2.19.so
7fc3c1cf6000-7fc3c1ef5000 ---p 00003000 08:09 408271                     /lib/x86_64-linux-gnu/libdl-2.19.so
7fc3c1ef5000-7fc3c1ef6000 r--p 00002000 08:09 408271                     /lib/x86_64-linux-gnu/libdl-2.19.so
7fc3c1ef6000-7fc3c1ef7000 rw-p 00003000 08:09 408271                     /lib/x86_64-linux-gnu/libdl-2.19.so
7fc3c1ef7000-7fc3c20b2000 r-xp 00000000 08:09 408282                     /lib/x86_64-linux-gnu/libc-2.19.so
7fc3c20b2000-7fc3c22b1000 ---p 001bb000 08:09 408282                     /lib/x86_64-linux-gnu/libc-2.19.so
7fc3c22b1000-7fc3c22b5000 r--p 001ba000 08:09 408282                     /lib/x86_64-linux-gnu/libc-2.19.so
7fc3c22b5000-7fc3c22b7000 rw-p 001be000 08:09 408282                     /lib/x86_64-linux-gnu/libc-2.19.so
7fc3c22b7000-7fc3c22bc000 rw-p 00000000 00:00 0 
7fc3c22bc000-7fc3c22c9000 r-xp 00000000 08:09 271201                     /usr/lib/jvm/java-7-openjdk-amd64/jre/lib/amd64/jli/libjli.so
7fc3c22c9000-7fc3c24c8000 ---p 0000d000 08:09 271201                     /usr/lib/jvm/java-7-openjdk-amd64/jre/lib/amd64/jli/libjli.so
7fc3c24c8000-7fc3c24c9000 r--p 0000c000 08:09 271201                     /usr/lib/jvm/java-7-openjdk-amd64/jre/lib/amd64/jli/libjli.so
7fc3c24c9000-7fc3c24ca000 rw-p 0000d000 08:09 271201                     /usr/lib/jvm/java-7-openjdk-amd64/jre/lib/amd64/jli/libjli.so
7fc3c24ca000-7fc3c24ed000 r-xp 00000000 08:09 408279                     /lib/x86_64-linux-gnu/ld-2.19.so
7fc3c24f9000-7fc3c24fb000 rw-p 00000000 00:00 0 
7fc3c24fb000-7fc3c2502000 r--s 00000000 08:09 674922                     /usr/lib/x86_64-linux-gnu/gconv/gconv-modules.cache
7fc3c2502000-7fc3c2506000 r--s 00024000 08:09 1088250                    /home/gorro/Escritorio/tesis/myfreeling/APIs/java/freeling.jar
7fc3c2506000-7fc3c250a000 r--s 00085000 08:09 271186                     /usr/lib/jvm/java-7-openjdk-amd64/jre/lib/ext/localedata.jar
7fc3c250a000-7fc3c250c000 r--s 00006000 08:09 680764                     /usr/share/java/java-atk-wrapper.jar
7fc3c250c000-7fc3c2516000 rw-p 00000000 00:00 0 
7fc3c2516000-7fc3c25cc000 rw-p 00000000 00:00 0 
7fc3c25cc000-7fc3c25cf000 ---p 00000000 00:00 0 
7fc3c25cf000-7fc3c26d2000 rw-p 00000000 00:00 0                          [stack:14209]
7fc3c26d2000-7fc3c26d3000 r--s 00002000 08:09 271187                     /usr/lib/jvm/java-7-openjdk-amd64/jre/lib/ext/dnsns.jar
7fc3c26d3000-7fc3c26d7000 r--s 0003c000 08:09 271189                     /usr/lib/jvm/java-7-openjdk-amd64/jre/lib/ext/sunpkcs11.jar
7fc3c26d7000-7fc3c26da000 r--s 0000f000 08:09 271190                     /usr/lib/jvm/java-7-openjdk-amd64/jre/lib/ext/icedtea-sound.jar
7fc3c26da000-7fc3c26de000 r--s 00034000 08:09 271188                     /usr/lib/jvm/java-7-openjdk-amd64/jre/lib/ext/sunjce_provider.jar
7fc3c26de000-7fc3c26e0000 r--s 00012000 08:09 271191                     /usr/lib/jvm/java-7-openjdk-amd64/jre/lib/ext/zipfs.jar
7fc3c26e0000-7fc3c26e8000 rw-s 00000000 08:09 6148                       /tmp/hsperfdata_gorro/14205
7fc3c26e8000-7fc3c26e9000 rw-p 00000000 00:00 0 
7fc3c26e9000-7fc3c26ea000 r--p 00000000 00:00 0 
7fc3c26ea000-7fc3c26ec000 rw-p 00000000 00:00 0 
7fc3c26ec000-7fc3c26ed000 r--p 00022000 08:09 408279                     /lib/x86_64-linux-gnu/ld-2.19.so
7fc3c26ed000-7fc3c26ee000 rw-p 00023000 08:09 408279                     /lib/x86_64-linux-gnu/ld-2.19.so
7fc3c26ee000-7fc3c26ef000 rw-p 00000000 00:00 0 
7ffeaaa1e000-7ffeaaa3f000 rw-p 00000000 00:00 0                          [stack]
7ffeaaa41000-7ffeaaa43000 r-xp 00000000 00:00 0                          [vdso]
7ffeaaa43000-7ffeaaa45000 r--p 00000000 00:00 0                          [vvar]
ffffffffff600000-ffffffffff601000 r-xp 00000000 00:00 0                  [vsyscall]

VM Arguments:
jvm_args: -Dfile.encoding=UTF-8 -Djava.library.path=/home/gorro/Escritorio/tesis/myfreeling/APIs/java 
java_command: Analyze
Launcher Type: SUN_STANDARD

Environment Variables:
PATH=/usr/local/sbin:/usr/local/bin:/usr/sbin:/usr/bin:/sbin:/bin:/usr/games:/usr/local/games
LD_LIBRARY_PATH=/usr/lib/jvm/default-java/jre/lib/amd64:/usr/lib/jvm/default-java/jre/lib/i386:
SHELL=/bin/bash
DISPLAY=:0

Signal Handlers:
SIGSEGV: [libjvm.so+0x94bab0], sa_mask[0]=0x7ffbfeff, sa_flags=0x10000004
SIGBUS: [libjvm.so+0x94bab0], sa_mask[0]=0x7ffbfeff, sa_flags=0x10000004
SIGFPE: [libjvm.so+0x7c38b0], sa_mask[0]=0x7ffbfeff, sa_flags=0x10000004
SIGPIPE: [libjvm.so+0x7c38b0], sa_mask[0]=0x7ffbfeff, sa_flags=0x10000004
SIGXFSZ: [libjvm.so+0x7c38b0], sa_mask[0]=0x7ffbfeff, sa_flags=0x10000004
SIGILL: [libjvm.so+0x7c38b0], sa_mask[0]=0x7ffbfeff, sa_flags=0x10000004
SIGUSR1: SIG_DFL, sa_mask[0]=0x00000000, sa_flags=0x00000000
SIGUSR2: [libjvm.so+0x7c3750], sa_mask[0]=0x00000004, sa_flags=0x10000004
SIGHUP: [libjvm.so+0x7c3930], sa_mask[0]=0x7ffbfeff, sa_flags=0x10000004
SIGINT: SIG_IGN, sa_mask[0]=0x00000000, sa_flags=0x00000000
SIGTERM: [libjvm.so+0x7c3930], sa_mask[0]=0x7ffbfeff, sa_flags=0x10000004
SIGQUIT: [libjvm.so+0x7c3930], sa_mask[0]=0x7ffbfeff, sa_flags=0x10000004
SIGTRAP: SIG_DFL, sa_mask[0]=0x00000000, sa_flags=0x00000000


---------------  S Y S T E M  ---------------

OS:Ubuntu 14.04 (trusty)
uname:Linux 3.16.0-50-generic #66~14.04.1-Ubuntu SMP Thu Sep 10 17:05:00 UTC 2015 x86_64
libc:glibc 2.19 NPTL 2.19 
rlimit: STACK 8192k, CORE 0k, NPROC 31250, NOFILE 4096, AS infinity
load average:0.31 0.31 0.30

/proc/meminfo:
MemTotal:        8071624 kB
MemFree:         3104040 kB
MemAvailable:    4716332 kB
Buffers:          348752 kB
Cached:          1810308 kB
SwapCached:            0 kB
Active:          3401640 kB
Inactive:        1290288 kB
Active(anon):    2538336 kB
Inactive(anon):   416152 kB
Active(file):     863304 kB
Inactive(file):   874136 kB
Unevictable:          48 kB
Mlocked:              48 kB
SwapTotal:       8283132 kB
SwapFree:        8283132 kB
Dirty:               512 kB
Writeback:             0 kB
AnonPages:       2533116 kB
Mapped:           532932 kB
Shmem:            421624 kB
Slab:             131132 kB
SReclaimable:      87592 kB
SUnreclaim:        43540 kB
KernelStack:        9616 kB
PageTables:        47708 kB
NFS_Unstable:          0 kB
Bounce:                0 kB
WritebackTmp:          0 kB
CommitLimit:    12318944 kB
Committed_AS:    6804260 kB
VmallocTotal:   34359738367 kB
VmallocUsed:      410268 kB
VmallocChunk:   34359296136 kB
HardwareCorrupted:     0 kB
AnonHugePages:   1071104 kB
HugePages_Total:       0
HugePages_Free:        0
HugePages_Rsvd:        0
HugePages_Surp:        0
Hugepagesize:       2048 kB
DirectMap4k:      141560 kB
DirectMap2M:     8142848 kB


CPU:total 4 (2 cores per cpu, 2 threads per core) family 6 model 58 stepping 9, cmov, cx8, fxsr, mmx, sse, sse2, sse3, ssse3, sse4.1, sse4.2, popcnt, avx, erms, ht, tsc, tscinvbit, tscinv

/proc/cpuinfo:
processor	: 0
vendor_id	: GenuineIntel
cpu family	: 6
model		: 58
model name	: Intel(R) Core(TM) i3-3110M CPU @ 2.40GHz
stepping	: 9
microcode	: 0x15
cpu MHz		: 2399.906
cache size	: 3072 KB
physical id	: 0
siblings	: 4
core id		: 0
cpu cores	: 2
apicid		: 0
initial apicid	: 0
fpu		: yes
fpu_exception	: yes
cpuid level	: 13
wp		: yes
flags		: fpu vme de pse tsc msr pae mce cx8 apic sep mtrr pge mca cmov pat pse36 clflush dts acpi mmx fxsr sse sse2 ss ht tm pbe syscall nx rdtscp lm constant_tsc arch_perfmon pebs bts rep_good nopl xtopology nonstop_tsc aperfmperf eagerfpu pni pclmulqdq dtes64 monitor ds_cpl vmx est tm2 ssse3 cx16 xtpr pdcm pcid sse4_1 sse4_2 x2apic popcnt tsc_deadline_timer xsave avx f16c lahf_lm arat epb xsaveopt pln pts dtherm tpr_shadow vnmi flexpriority ept vpid fsgsbase smep erms
bogomips	: 4789.39
clflush size	: 64
cache_alignment	: 64
address sizes	: 36 bits physical, 48 bits virtual
power management:

processor	: 1
vendor_id	: GenuineIntel
cpu family	: 6
model		: 58
model name	: Intel(R) Core(TM) i3-3110M CPU @ 2.40GHz
stepping	: 9
microcode	: 0x15
cpu MHz		: 2400.000
cache size	: 3072 KB
physical id	: 0
siblings	: 4
core id		: 0
cpu cores	: 2
apicid		: 1
initial apicid	: 1
fpu		: yes
fpu_exception	: yes
cpuid level	: 13
wp		: yes
flags		: fpu vme de pse tsc msr pae mce cx8 apic sep mtrr pge mca cmov pat pse36 clflush dts acpi mmx fxsr sse sse2 ss ht tm pbe syscall nx rdtscp lm constant_tsc arch_perfmon pebs bts rep_good nopl xtopology nonstop_tsc aperfmperf eagerfpu pni pclmulqdq dtes64 monitor ds_cpl vmx est tm2 ssse3 cx16 xtpr pdcm pcid sse4_1 sse4_2 x2apic popcnt tsc_deadline_timer xsave avx f16c lahf_lm arat epb xsaveopt pln pts dtherm tpr_shadow vnmi flexpriority ept vpid fsgsbase smep erms
bogomips	: 4789.39
clflush size	: 64
cache_alignment	: 64
address sizes	: 36 bits physical, 48 bits virtual
power management:

processor	: 2
vendor_id	: GenuineIntel
cpu family	: 6
model		: 58
model name	: Intel(R) Core(TM) i3-3110M CPU @ 2.40GHz
stepping	: 9
microcode	: 0x15
cpu MHz		: 2400.000
cache size	: 3072 KB
physical id	: 0
siblings	: 4
core id		: 1
cpu cores	: 2
apicid		: 2
initial apicid	: 2
fpu		: yes
fpu_exception	: yes
cpuid level	: 13
wp		: yes
flags		: fpu vme de pse tsc msr pae mce cx8 apic sep mtrr pge mca cmov pat pse36 clflush dts acpi mmx fxsr sse sse2 ss ht tm pbe syscall nx rdtscp lm constant_tsc arch_perfmon pebs bts rep_good nopl xtopology nonstop_tsc aperfmperf eagerfpu pni pclmulqdq dtes64 monitor ds_cpl vmx est tm2 ssse3 cx16 xtpr pdcm pcid sse4_1 sse4_2 x2apic popcnt tsc_deadline_timer xsave avx f16c lahf_lm arat epb xsaveopt pln pts dtherm tpr_shadow vnmi flexpriority ept vpid fsgsbase smep erms
bogomips	: 4789.39
clflush size	: 64
cache_alignment	: 64
address sizes	: 36 bits physical, 48 bits virtual
power management:

processor	: 3
vendor_id	: GenuineIntel
cpu family	: 6
model		: 58
model name	: Intel(R) Core(TM) i3-3110M CPU @ 2.40GHz
stepping	: 9
microcode	: 0x15
cpu MHz		: 2400.000
cache size	: 3072 KB
physical id	: 0
siblings	: 4
core id		: 1
cpu cores	: 2
apicid		: 3
initial apicid	: 3
fpu		: yes
fpu_exception	: yes
cpuid level	: 13
wp		: yes
flags		: fpu vme de pse tsc msr pae mce cx8 apic sep mtrr pge mca cmov pat pse36 clflush dts acpi mmx fxsr sse sse2 ss ht tm pbe syscall nx rdtscp lm constant_tsc arch_perfmon pebs bts rep_good nopl xtopology nonstop_tsc aperfmperf eagerfpu pni pclmulqdq dtes64 monitor ds_cpl vmx est tm2 ssse3 cx16 xtpr pdcm pcid sse4_1 sse4_2 x2apic popcnt tsc_deadline_timer xsave avx f16c lahf_lm arat epb xsaveopt pln pts dtherm tpr_shadow vnmi flexpriority ept vpid fsgsbase smep erms
bogomips	: 4789.39
clflush size	: 64
cache_alignment	: 64
address sizes	: 36 bits physical, 48 bits virtual
power management:



Memory: 4k page, physical 8071624k(3104040k free), swap 8283132k(8283132k free)

vm_info: OpenJDK 64-Bit Server VM (24.79-b02) for linux-amd64 JRE (1.7.0_79-b14), built on Jul 24 2015 08:15:54 by "buildd" with gcc 4.8.2

time: Mon Oct  5 22:23:17 2015
elapsed time: 8 seconds

